2025-10-02 16:11:55,811 - FastAPIClient - INFO -  Conectado al backend FastAPI
2025-10-02 16:11:56,408 - FastAPIClient - INFO -  Conectado al backend FastAPI
2025-10-02 16:12:04,694 - FastAPIClient - INFO -  Conectado al backend FastAPI
2025-10-02 16:12:06,788 - FastAPIClient - INFO -  Conectado al backend FastAPI
2025-10-02 18:36:46,914 - FastAPIClient - INFO -  Conectado al backend FastAPI
2025-10-02 18:36:54,511 - FastAPIClient - INFO -  Conectado al backend FastAPI
2025-10-02 18:36:56,608 - FastAPIClient - INFO -  Conectado al backend FastAPI
2025-10-02 18:43:59,757 - FastAPIClient - INFO -  Conectado al backend FastAPI
2025-10-02 18:44:07,705 - FastAPIClient - INFO -  Conectado al backend FastAPI
2025-10-02 18:44:09,787 - FastAPIClient - INFO -  Conectado al backend FastAPI
2025-10-02 19:12:42,429 - FastAPIClient - INFO -  Conectado al backend FastAPI
2025-10-02 19:13:35,584 - FastAPIClient - INFO -  Conectado al backend FastAPI
2025-10-02 19:13:49,782 - FastAPIClient - INFO -  Conectado al backend FastAPI
2025-10-02 19:13:51,898 - FastAPIClient - INFO -  Conectado al backend FastAPI
2025-10-02 19:13:54,121 - FastAPIClient - INFO -  Conectado al backend FastAPI
2025-10-02 19:13:56,235 - FastAPIClient - INFO -  Conectado al backend FastAPI
2025-10-02 19:15:32,677 - FastAPIClient - INFO -  Conectado al backend FastAPI
2025-10-02 19:15:35,812 - FastAPIClient - INFO -  Conectado al backend FastAPI
2025-10-02 19:15:38,930 - FastAPIClient - INFO -  Conectado al backend FastAPI
2025-10-02 19:15:42,049 - FastAPIClient - INFO -  Conectado al backend FastAPI
2025-10-02 19:15:45,163 - FastAPIClient - INFO -  Conectado al backend FastAPI
2025-10-02 19:15:48,279 - FastAPIClient - INFO -  Conectado al backend FastAPI
2025-10-02 19:15:51,379 - FastAPIClient - INFO -  Conectado al backend FastAPI
2025-10-02 19:15:54,524 - FastAPIClient - INFO -  Conectado al backend FastAPI
2025-10-02 19:15:57,661 - FastAPIClient - INFO -  Conectado al backend FastAPI
2025-10-02 19:16:00,799 - FastAPIClient - INFO -  Conectado al backend FastAPI
2025-10-02 19:16:03,916 - FastAPIClient - INFO -  Conectado al backend FastAPI
2025-10-02 19:16:07,018 - FastAPIClient - INFO -  Conectado al backend FastAPI
2025-10-02 19:16:10,147 - FastAPIClient - INFO -  Conectado al backend FastAPI
2025-10-02 19:16:13,261 - FastAPIClient - INFO -  Conectado al backend FastAPI
2025-10-02 19:16:16,382 - FastAPIClient - INFO -  Conectado al backend FastAPI
2025-10-02 19:16:19,500 - FastAPIClient - INFO -  Conectado al backend FastAPI
2025-10-02 19:16:22,614 - FastAPIClient - INFO -  Conectado al backend FastAPI
2025-10-02 19:16:25,718 - FastAPIClient - INFO -  Conectado al backend FastAPI
2025-10-02 19:16:28,829 - FastAPIClient - INFO -  Conectado al backend FastAPI
2025-10-02 19:16:31,963 - FastAPIClient - INFO -  Conectado al backend FastAPI
2025-10-02 19:16:35,080 - FastAPIClient - INFO -  Conectado al backend FastAPI
2025-10-02 19:16:38,211 - FastAPIClient - INFO -  Conectado al backend FastAPI
2025-10-02 19:16:41,315 - FastAPIClient - INFO -  Conectado al backend FastAPI
2025-10-02 19:16:44,434 - FastAPIClient - INFO -  Conectado al backend FastAPI
2025-10-02 19:16:47,581 - FastAPIClient - INFO -  Conectado al backend FastAPI
2025-10-02 19:16:50,700 - FastAPIClient - INFO -  Conectado al backend FastAPI
2025-10-02 19:16:53,812 - FastAPIClient - INFO -  Conectado al backend FastAPI
2025-10-02 19:16:56,912 - FastAPIClient - INFO -  Conectado al backend FastAPI
2025-10-02 19:17:00,034 - FastAPIClient - INFO -  Conectado al backend FastAPI
2025-10-02 19:17:03,147 - FastAPIClient - INFO -  Conectado al backend FastAPI
2025-10-02 19:17:06,262 - FastAPIClient - INFO -  Conectado al backend FastAPI
2025-10-02 19:17:09,378 - FastAPIClient - INFO -  Conectado al backend FastAPI
2025-10-02 19:17:12,492 - FastAPIClient - INFO -  Conectado al backend FastAPI
2025-10-02 19:17:15,614 - FastAPIClient - INFO -  Conectado al backend FastAPI
2025-10-02 19:17:18,748 - FastAPIClient - INFO -  Conectado al backend FastAPI
2025-10-02 19:17:21,863 - FastAPIClient - INFO -  Conectado al backend FastAPI
2025-10-02 19:17:24,979 - FastAPIClient - INFO -  Conectado al backend FastAPI
2025-10-02 19:17:28,091 - FastAPIClient - INFO -  Conectado al backend FastAPI
2025-10-02 19:17:31,214 - FastAPIClient - INFO -  Conectado al backend FastAPI
2025-10-02 19:17:34,347 - FastAPIClient - INFO -  Conectado al backend FastAPI
2025-10-02 19:17:37,481 - FastAPIClient - INFO -  Conectado al backend FastAPI
2025-10-02 19:17:40,631 - FastAPIClient - INFO -  Conectado al backend FastAPI
2025-10-02 19:17:43,766 - FastAPIClient - INFO -  Conectado al backend FastAPI
2025-10-02 19:17:46,885 - FastAPIClient - INFO -  Conectado al backend FastAPI
2025-10-02 19:17:50,003 - FastAPIClient - INFO -  Conectado al backend FastAPI
2025-10-02 19:17:53,164 - FastAPIClient - INFO -  Conectado al backend FastAPI
2025-10-02 19:17:55,864 - FastAPIClient - INFO -  Conectado al backend FastAPI
2025-10-02 19:18:00,200 - FastAPIClient - INFO -  Conectado al backend FastAPI
2025-10-02 19:18:17,429 - FastAPIClient - INFO -  Conectado al backend FastAPI
2025-10-02 19:18:19,531 - FastAPIClient - INFO -  Conectado al backend FastAPI
2025-10-02 19:18:21,632 - FastAPIClient - INFO -  Conectado al backend FastAPI
2025-10-02 19:18:23,739 - FastAPIClient - INFO -  Conectado al backend FastAPI
2025-10-02 19:18:25,830 - FastAPIClient - INFO -  Conectado al backend FastAPI
2025-10-02 19:18:27,944 - FastAPIClient - INFO -  Conectado al backend FastAPI
2025-10-02 19:18:30,048 - FastAPIClient - INFO -  Conectado al backend FastAPI
2025-10-02 19:18:32,159 - FastAPIClient - INFO -  Conectado al backend FastAPI
2025-10-02 19:18:34,273 - FastAPIClient - INFO -  Conectado al backend FastAPI
2025-10-02 19:18:36,396 - FastAPIClient - INFO -  Conectado al backend FastAPI
2025-10-02 19:18:38,475 - FastAPIClient - INFO -  Conectado al backend FastAPI
2025-10-02 19:18:40,569 - FastAPIClient - INFO -  Conectado al backend FastAPI
2025-10-02 19:18:42,662 - FastAPIClient - INFO -  Conectado al backend FastAPI
2025-10-02 19:18:44,757 - FastAPIClient - INFO -  Conectado al backend FastAPI
2025-10-02 19:18:46,847 - FastAPIClient - INFO -  Conectado al backend FastAPI
2025-10-02 19:18:48,944 - FastAPIClient - INFO -  Conectado al backend FastAPI
2025-10-02 19:18:51,028 - FastAPIClient - INFO -  Conectado al backend FastAPI
2025-10-02 19:18:53,148 - FastAPIClient - INFO -  Conectado al backend FastAPI
2025-10-02 19:18:55,279 - FastAPIClient - INFO -  Conectado al backend FastAPI
2025-10-02 19:18:57,351 - FastAPIClient - INFO -  Conectado al backend FastAPI
2025-10-02 19:18:59,446 - FastAPIClient - INFO -  Conectado al backend FastAPI
2025-10-02 19:19:01,537 - FastAPIClient - INFO -  Conectado al backend FastAPI
2025-10-02 19:19:03,628 - FastAPIClient - INFO -  Conectado al backend FastAPI
2025-10-02 19:19:05,742 - FastAPIClient - INFO -  Conectado al backend FastAPI
2025-10-02 19:19:07,831 - FastAPIClient - INFO -  Conectado al backend FastAPI
2025-10-02 19:19:09,942 - FastAPIClient - INFO -  Conectado al backend FastAPI
2025-10-02 19:19:12,059 - FastAPIClient - INFO -  Conectado al backend FastAPI
2025-10-02 19:19:14,162 - FastAPIClient - INFO -  Conectado al backend FastAPI
2025-10-02 19:19:16,272 - FastAPIClient - INFO -  Conectado al backend FastAPI
2025-10-02 19:19:18,366 - FastAPIClient - INFO -  Conectado al backend FastAPI
2025-10-02 19:19:20,478 - FastAPIClient - INFO -  Conectado al backend FastAPI
2025-10-02 19:19:22,574 - FastAPIClient - INFO -  Conectado al backend FastAPI
2025-10-02 19:19:24,678 - FastAPIClient - INFO -  Conectado al backend FastAPI
2025-10-02 19:19:26,818 - FastAPIClient - INFO -  Conectado al backend FastAPI
2025-10-02 19:19:28,939 - FastAPIClient - INFO -  Conectado al backend FastAPI
2025-10-02 19:19:31,046 - FastAPIClient - INFO -  Conectado al backend FastAPI
2025-10-02 19:19:33,142 - FastAPIClient - INFO -  Conectado al backend FastAPI
2025-10-02 19:19:35,296 - FastAPIClient - INFO -  Conectado al backend FastAPI
2025-10-02 19:19:37,414 - FastAPIClient - INFO -  Conectado al backend FastAPI
2025-10-02 19:19:39,523 - FastAPIClient - INFO -  Conectado al backend FastAPI
2025-10-02 19:19:41,630 - FastAPIClient - INFO -  Conectado al backend FastAPI
2025-10-02 19:19:43,742 - FastAPIClient - INFO -  Conectado al backend FastAPI
2025-10-02 19:19:45,851 - FastAPIClient - INFO -  Conectado al backend FastAPI
2025-10-02 19:19:47,958 - FastAPIClient - INFO -  Conectado al backend FastAPI
2025-10-02 19:19:50,095 - FastAPIClient - INFO -  Conectado al backend FastAPI
2025-10-02 19:19:52,212 - FastAPIClient - INFO -  Conectado al backend FastAPI
2025-10-02 19:19:54,334 - FastAPIClient - INFO -  Conectado al backend FastAPI
2025-10-02 19:19:56,446 - FastAPIClient - INFO -  Conectado al backend FastAPI
2025-10-02 19:19:58,538 - FastAPIClient - INFO -  Conectado al backend FastAPI
2025-10-02 19:20:00,662 - FastAPIClient - INFO -  Conectado al backend FastAPI
2025-10-02 19:20:02,781 - FastAPIClient - INFO -  Conectado al backend FastAPI
2025-10-02 19:20:04,880 - FastAPIClient - INFO -  Conectado al backend FastAPI
2025-10-02 19:20:06,982 - FastAPIClient - INFO -  Conectado al backend FastAPI
2025-10-02 19:20:09,086 - FastAPIClient - INFO -  Conectado al backend FastAPI
2025-10-02 19:20:11,180 - FastAPIClient - INFO -  Conectado al backend FastAPI
2025-10-02 19:20:13,310 - FastAPIClient - INFO -  Conectado al backend FastAPI
2025-10-02 19:20:15,430 - FastAPIClient - INFO -  Conectado al backend FastAPI
2025-10-02 19:20:17,555 - FastAPIClient - INFO -  Conectado al backend FastAPI
2025-10-02 19:20:19,693 - FastAPIClient - INFO -  Conectado al backend FastAPI
2025-10-02 19:20:21,804 - FastAPIClient - INFO -  Conectado al backend FastAPI
2025-10-02 19:20:23,931 - FastAPIClient - INFO -  Conectado al backend FastAPI
2025-10-02 19:20:26,048 - FastAPIClient - INFO -  Conectado al backend FastAPI
2025-10-02 19:20:28,174 - FastAPIClient - INFO -  Conectado al backend FastAPI
2025-10-02 19:20:30,272 - FastAPIClient - INFO -  Conectado al backend FastAPI
2025-10-02 19:20:32,365 - FastAPIClient - INFO -  Conectado al backend FastAPI
2025-10-02 19:20:34,477 - FastAPIClient - INFO -  Conectado al backend FastAPI
2025-10-02 19:20:36,582 - FastAPIClient - INFO -  Conectado al backend FastAPI
2025-10-02 19:20:38,680 - FastAPIClient - INFO -  Conectado al backend FastAPI
2025-10-02 19:20:40,790 - FastAPIClient - INFO -  Conectado al backend FastAPI
2025-10-02 19:20:42,909 - FastAPIClient - INFO -  Conectado al backend FastAPI
2025-10-02 19:20:45,013 - FastAPIClient - INFO -  Conectado al backend FastAPI
2025-10-02 19:20:47,133 - FastAPIClient - INFO -  Conectado al backend FastAPI
2025-10-02 19:20:49,247 - FastAPIClient - INFO -  Conectado al backend FastAPI
2025-10-02 19:20:51,350 - FastAPIClient - INFO -  Conectado al backend FastAPI
2025-10-02 19:20:53,449 - FastAPIClient - INFO -  Conectado al backend FastAPI
2025-10-02 19:20:55,554 - FastAPIClient - INFO -  Conectado al backend FastAPI
2025-10-02 19:20:57,660 - FastAPIClient - INFO -  Conectado al backend FastAPI
2025-10-02 19:20:59,758 - FastAPIClient - INFO -  Conectado al backend FastAPI
2025-10-02 19:21:01,866 - FastAPIClient - INFO -  Conectado al backend FastAPI
2025-10-02 19:21:03,991 - FastAPIClient - INFO -  Conectado al backend FastAPI
2025-10-02 19:21:06,099 - FastAPIClient - INFO -  Conectado al backend FastAPI
2025-10-02 19:21:08,214 - FastAPIClient - INFO -  Conectado al backend FastAPI
2025-10-02 19:21:10,319 - FastAPIClient - INFO -  Conectado al backend FastAPI
2025-10-02 19:21:12,415 - FastAPIClient - INFO -  Conectado al backend FastAPI
2025-10-02 19:21:14,535 - FastAPIClient - INFO -  Conectado al backend FastAPI
2025-10-02 19:21:16,649 - FastAPIClient - INFO -  Conectado al backend FastAPI
2025-10-02 19:21:18,758 - FastAPIClient - INFO -  Conectado al backend FastAPI
2025-10-02 19:21:20,866 - FastAPIClient - INFO -  Conectado al backend FastAPI
2025-10-02 19:21:22,963 - FastAPIClient - INFO -  Conectado al backend FastAPI
2025-10-02 19:21:25,083 - FastAPIClient - INFO -  Conectado al backend FastAPI
2025-10-02 19:21:27,194 - FastAPIClient - INFO -  Conectado al backend FastAPI
2025-10-02 19:21:29,292 - FastAPIClient - INFO -  Conectado al backend FastAPI
2025-10-02 19:21:31,397 - FastAPIClient - INFO -  Conectado al backend FastAPI
2025-10-02 19:21:33,504 - FastAPIClient - INFO -  Conectado al backend FastAPI
2025-10-02 19:21:35,596 - FastAPIClient - INFO -  Conectado al backend FastAPI
2025-10-02 19:21:37,709 - FastAPIClient - INFO -  Conectado al backend FastAPI
2025-10-02 19:21:39,817 - FastAPIClient - INFO -  Conectado al backend FastAPI
2025-10-02 19:21:41,941 - FastAPIClient - INFO -  Conectado al backend FastAPI
2025-10-02 19:21:44,043 - FastAPIClient - INFO -  Conectado al backend FastAPI
2025-10-02 19:21:46,159 - FastAPIClient - INFO -  Conectado al backend FastAPI
2025-10-02 19:21:48,262 - FastAPIClient - INFO -  Conectado al backend FastAPI
2025-10-02 19:21:50,365 - FastAPIClient - INFO -  Conectado al backend FastAPI
2025-10-02 19:21:52,463 - FastAPIClient - INFO -  Conectado al backend FastAPI
2025-10-02 19:21:54,556 - FastAPIClient - INFO -  Conectado al backend FastAPI
2025-10-02 19:21:56,677 - FastAPIClient - INFO -  Conectado al backend FastAPI
2025-10-02 19:21:58,781 - FastAPIClient - INFO -  Conectado al backend FastAPI
2025-10-02 19:22:00,890 - FastAPIClient - INFO -  Conectado al backend FastAPI
2025-10-02 19:22:02,991 - FastAPIClient - INFO -  Conectado al backend FastAPI
2025-10-02 19:22:05,080 - FastAPIClient - INFO -  Conectado al backend FastAPI
2025-10-02 19:22:07,195 - FastAPIClient - INFO -  Conectado al backend FastAPI
2025-10-02 19:22:09,324 - FastAPIClient - INFO -  Conectado al backend FastAPI
2025-10-02 19:22:11,423 - FastAPIClient - INFO -  Conectado al backend FastAPI
2025-10-02 19:22:13,536 - FastAPIClient - INFO -  Conectado al backend FastAPI
2025-10-02 19:22:15,645 - FastAPIClient - INFO -  Conectado al backend FastAPI
2025-10-02 19:22:17,758 - FastAPIClient - INFO -  Conectado al backend FastAPI
2025-10-02 19:22:19,880 - FastAPIClient - INFO -  Conectado al backend FastAPI
2025-10-02 19:22:21,993 - FastAPIClient - INFO -  Conectado al backend FastAPI
2025-10-02 19:22:24,094 - FastAPIClient - INFO -  Conectado al backend FastAPI
2025-10-02 19:22:26,208 - FastAPIClient - INFO -  Conectado al backend FastAPI
2025-10-02 19:22:28,310 - FastAPIClient - INFO -  Conectado al backend FastAPI
2025-10-02 19:22:30,428 - FastAPIClient - INFO -  Conectado al backend FastAPI
2025-10-02 19:22:32,555 - FastAPIClient - INFO -  Conectado al backend FastAPI
2025-10-02 19:22:34,663 - FastAPIClient - INFO -  Conectado al backend FastAPI
2025-10-02 19:22:36,771 - FastAPIClient - INFO -  Conectado al backend FastAPI
2025-10-02 19:22:38,894 - FastAPIClient - INFO -  Conectado al backend FastAPI
2025-10-02 19:22:41,011 - FastAPIClient - INFO -  Conectado al backend FastAPI
2025-10-02 19:22:43,132 - FastAPIClient - INFO -  Conectado al backend FastAPI
2025-10-02 19:22:45,242 - FastAPIClient - INFO -  Conectado al backend FastAPI
2025-10-02 19:22:47,350 - FastAPIClient - INFO -  Conectado al backend FastAPI
2025-10-02 19:22:49,461 - FastAPIClient - INFO -  Conectado al backend FastAPI
2025-10-02 19:22:51,595 - FastAPIClient - INFO -  Conectado al backend FastAPI
2025-10-02 19:22:53,724 - FastAPIClient - INFO -  Conectado al backend FastAPI
2025-10-02 19:22:55,828 - FastAPIClient - INFO -  Conectado al backend FastAPI
2025-10-02 19:22:57,945 - FastAPIClient - INFO -  Conectado al backend FastAPI
2025-10-02 19:23:00,085 - FastAPIClient - INFO -  Conectado al backend FastAPI
2025-10-02 19:23:02,209 - FastAPIClient - INFO -  Conectado al backend FastAPI
2025-10-02 19:23:04,320 - FastAPIClient - INFO -  Conectado al backend FastAPI
2025-10-02 19:23:06,442 - FastAPIClient - INFO -  Conectado al backend FastAPI
2025-10-02 19:23:08,555 - FastAPIClient - INFO -  Conectado al backend FastAPI
2025-10-02 19:23:10,679 - FastAPIClient - INFO -  Conectado al backend FastAPI
2025-10-02 19:23:12,789 - FastAPIClient - INFO -  Conectado al backend FastAPI
2025-10-02 19:23:14,897 - FastAPIClient - INFO -  Conectado al backend FastAPI
2025-10-02 19:23:17,013 - FastAPIClient - INFO -  Conectado al backend FastAPI
2025-10-02 19:23:19,100 - FastAPIClient - INFO -  Conectado al backend FastAPI
2025-10-02 19:23:21,197 - FastAPIClient - INFO -  Conectado al backend FastAPI
2025-10-02 19:23:23,303 - FastAPIClient - INFO -  Conectado al backend FastAPI
2025-10-02 19:23:25,413 - FastAPIClient - INFO -  Conectado al backend FastAPI
2025-10-02 19:23:27,508 - FastAPIClient - INFO -  Conectado al backend FastAPI
2025-10-02 19:23:29,628 - FastAPIClient - INFO -  Conectado al backend FastAPI
2025-10-02 19:23:31,741 - FastAPIClient - INFO -  Conectado al backend FastAPI
2025-10-02 19:23:33,851 - FastAPIClient - INFO -  Conectado al backend FastAPI
2025-10-02 19:23:35,957 - FastAPIClient - INFO -  Conectado al backend FastAPI
2025-10-02 19:23:38,060 - FastAPIClient - INFO -  Conectado al backend FastAPI
2025-10-02 19:23:40,149 - FastAPIClient - INFO -  Conectado al backend FastAPI
2025-10-02 19:23:42,259 - FastAPIClient - INFO -  Conectado al backend FastAPI
2025-10-02 19:23:44,381 - FastAPIClient - INFO -  Conectado al backend FastAPI
2025-10-02 19:23:46,507 - FastAPIClient - INFO -  Conectado al backend FastAPI
2025-10-02 19:23:48,630 - FastAPIClient - INFO -  Conectado al backend FastAPI
2025-10-02 19:23:50,756 - FastAPIClient - INFO -  Conectado al backend FastAPI
2025-10-02 19:23:52,877 - FastAPIClient - INFO -  Conectado al backend FastAPI
2025-10-02 19:23:54,996 - FastAPIClient - INFO -  Conectado al backend FastAPI
2025-10-02 19:23:57,085 - FastAPIClient - INFO -  Conectado al backend FastAPI
2025-10-02 19:23:59,213 - FastAPIClient - INFO -  Conectado al backend FastAPI
2025-10-02 19:24:01,334 - FastAPIClient - INFO -  Conectado al backend FastAPI
2025-10-02 19:24:03,461 - FastAPIClient - INFO -  Conectado al backend FastAPI
2025-10-02 19:24:05,572 - FastAPIClient - INFO -  Conectado al backend FastAPI
2025-10-02 19:24:07,711 - FastAPIClient - INFO -  Conectado al backend FastAPI
2025-10-02 19:24:09,829 - FastAPIClient - INFO -  Conectado al backend FastAPI
2025-10-02 19:24:11,929 - FastAPIClient - INFO -  Conectado al backend FastAPI
2025-10-02 19:24:14,045 - FastAPIClient - INFO -  Conectado al backend FastAPI
2025-10-02 19:24:16,148 - FastAPIClient - INFO -  Conectado al backend FastAPI
2025-10-02 19:24:18,277 - FastAPIClient - INFO -  Conectado al backend FastAPI
2025-10-02 19:24:20,396 - FastAPIClient - INFO -  Conectado al backend FastAPI
2025-10-02 19:24:22,507 - FastAPIClient - INFO -  Conectado al backend FastAPI
2025-10-02 19:24:24,628 - FastAPIClient - INFO -  Conectado al backend FastAPI
2025-10-02 19:24:26,741 - FastAPIClient - INFO -  Conectado al backend FastAPI
2025-10-02 19:24:28,847 - FastAPIClient - INFO -  Conectado al backend FastAPI
2025-10-02 19:24:30,959 - FastAPIClient - INFO -  Conectado al backend FastAPI
2025-10-02 19:24:33,094 - FastAPIClient - INFO -  Conectado al backend FastAPI
2025-10-02 19:24:35,213 - FastAPIClient - INFO -  Conectado al backend FastAPI
2025-10-02 19:24:37,350 - FastAPIClient - INFO -  Conectado al backend FastAPI
2025-10-02 19:24:39,477 - FastAPIClient - INFO -  Conectado al backend FastAPI
2025-10-02 19:24:41,613 - FastAPIClient - INFO -  Conectado al backend FastAPI
2025-10-02 19:24:43,737 - FastAPIClient - INFO -  Conectado al backend FastAPI
2025-10-02 19:24:45,862 - FastAPIClient - INFO -  Conectado al backend FastAPI
2025-10-02 19:24:47,980 - FastAPIClient - INFO -  Conectado al backend FastAPI
2025-10-02 19:24:50,098 - FastAPIClient - INFO -  Conectado al backend FastAPI
2025-10-02 19:24:52,209 - FastAPIClient - INFO -  Conectado al backend FastAPI
2025-10-02 19:24:54,332 - FastAPIClient - INFO -  Conectado al backend FastAPI
2025-10-02 19:24:56,446 - FastAPIClient - INFO -  Conectado al backend FastAPI
2025-10-02 19:24:58,554 - FastAPIClient - INFO -  Conectado al backend FastAPI
2025-10-02 19:25:00,690 - FastAPIClient - INFO -  Conectado al backend FastAPI
2025-10-02 19:25:02,795 - FastAPIClient - INFO -  Conectado al backend FastAPI
2025-10-02 19:25:04,925 - FastAPIClient - INFO -  Conectado al backend FastAPI
2025-10-02 19:25:07,047 - FastAPIClient - INFO -  Conectado al backend FastAPI
2025-10-02 19:25:09,147 - FastAPIClient - INFO -  Conectado al backend FastAPI
2025-10-02 19:25:11,245 - FastAPIClient - INFO -  Conectado al backend FastAPI
2025-10-02 19:25:13,350 - FastAPIClient - INFO -  Conectado al backend FastAPI
2025-10-02 19:25:15,460 - FastAPIClient - INFO -  Conectado al backend FastAPI
2025-10-02 19:25:17,564 - FastAPIClient - INFO -  Conectado al backend FastAPI
2025-10-02 19:25:19,679 - FastAPIClient - INFO -  Conectado al backend FastAPI
2025-10-02 19:25:21,795 - FastAPIClient - INFO -  Conectado al backend FastAPI
2025-10-02 19:25:23,899 - FastAPIClient - INFO -  Conectado al backend FastAPI
2025-10-02 19:25:26,006 - FastAPIClient - INFO -  Conectado al backend FastAPI
2025-10-02 19:25:28,117 - FastAPIClient - INFO -  Conectado al backend FastAPI
2025-10-02 19:25:30,212 - FastAPIClient - INFO -  Conectado al backend FastAPI
2025-10-02 19:25:32,336 - FastAPIClient - INFO -  Conectado al backend FastAPI
2025-10-02 19:25:34,475 - FastAPIClient - INFO -  Conectado al backend FastAPI
2025-10-02 19:25:36,611 - FastAPIClient - INFO -  Conectado al backend FastAPI
2025-10-02 19:25:38,723 - FastAPIClient - INFO -  Conectado al backend FastAPI
2025-10-02 19:25:40,829 - FastAPIClient - INFO -  Conectado al backend FastAPI
2025-10-02 19:25:42,929 - FastAPIClient - INFO -  Conectado al backend FastAPI
2025-10-02 19:25:45,053 - FastAPIClient - INFO -  Conectado al backend FastAPI
2025-10-02 19:25:47,163 - FastAPIClient - INFO -  Conectado al backend FastAPI
2025-10-02 19:25:49,270 - FastAPIClient - INFO -  Conectado al backend FastAPI
2025-10-02 19:25:51,380 - FastAPIClient - INFO -  Conectado al backend FastAPI
2025-10-02 19:25:53,493 - FastAPIClient - INFO -  Conectado al backend FastAPI
2025-10-02 19:25:55,630 - FastAPIClient - INFO -  Conectado al backend FastAPI
2025-10-02 19:25:57,756 - FastAPIClient - INFO -  Conectado al backend FastAPI
2025-10-02 19:25:59,881 - FastAPIClient - INFO -  Conectado al backend FastAPI
2025-10-02 19:26:02,011 - FastAPIClient - INFO -  Conectado al backend FastAPI
2025-10-02 19:26:04,147 - FastAPIClient - INFO -  Conectado al backend FastAPI
2025-10-02 19:26:06,278 - FastAPIClient - INFO -  Conectado al backend FastAPI
2025-10-02 19:26:08,379 - FastAPIClient - INFO -  Conectado al backend FastAPI
2025-10-02 19:26:10,539 - FastAPIClient - INFO -  Conectado al backend FastAPI
2025-10-02 19:26:12,646 - FastAPIClient - INFO -  Conectado al backend FastAPI
2025-10-02 19:26:14,756 - FastAPIClient - INFO -  Conectado al backend FastAPI
2025-10-02 19:26:16,891 - FastAPIClient - INFO -  Conectado al backend FastAPI
2025-10-02 19:26:19,031 - FastAPIClient - INFO -  Conectado al backend FastAPI
2025-10-02 19:26:21,149 - FastAPIClient - INFO -  Conectado al backend FastAPI
2025-10-02 19:26:23,260 - FastAPIClient - INFO -  Conectado al backend FastAPI
2025-10-02 19:26:25,380 - FastAPIClient - INFO -  Conectado al backend FastAPI
2025-10-02 19:26:27,506 - FastAPIClient - INFO -  Conectado al backend FastAPI
2025-10-02 19:26:29,633 - FastAPIClient - INFO -  Conectado al backend FastAPI
2025-10-02 19:26:31,743 - FastAPIClient - INFO -  Conectado al backend FastAPI
2025-10-02 19:26:33,892 - FastAPIClient - INFO -  Conectado al backend FastAPI
2025-10-02 19:26:35,997 - FastAPIClient - INFO -  Conectado al backend FastAPI
2025-10-02 19:26:38,100 - FastAPIClient - INFO -  Conectado al backend FastAPI
2025-10-02 19:26:40,198 - FastAPIClient - INFO -  Conectado al backend FastAPI
2025-10-02 19:26:42,321 - FastAPIClient - INFO -  Conectado al backend FastAPI
2025-10-02 19:26:44,460 - FastAPIClient - INFO -  Conectado al backend FastAPI
2025-10-02 19:26:46,579 - FastAPIClient - INFO -  Conectado al backend FastAPI
2025-10-02 19:26:48,692 - FastAPIClient - INFO -  Conectado al backend FastAPI
2025-10-02 19:26:50,812 - FastAPIClient - INFO -  Conectado al backend FastAPI
2025-10-02 19:26:52,913 - FastAPIClient - INFO -  Conectado al backend FastAPI
2025-10-02 19:26:55,030 - FastAPIClient - INFO -  Conectado al backend FastAPI
2025-10-02 19:26:57,124 - FastAPIClient - INFO -  Conectado al backend FastAPI
2025-10-02 19:26:59,245 - FastAPIClient - INFO -  Conectado al backend FastAPI
2025-10-02 19:27:01,349 - FastAPIClient - INFO -  Conectado al backend FastAPI
2025-10-02 19:27:03,462 - FastAPIClient - INFO -  Conectado al backend FastAPI
2025-10-02 19:27:05,589 - FastAPIClient - INFO -  Conectado al backend FastAPI
2025-10-02 19:27:07,723 - FastAPIClient - INFO -  Conectado al backend FastAPI
2025-10-02 19:27:09,811 - FastAPIClient - INFO -  Conectado al backend FastAPI
2025-10-02 19:27:11,897 - FastAPIClient - INFO -  Conectado al backend FastAPI
2025-10-02 19:27:14,004 - FastAPIClient - INFO -  Conectado al backend FastAPI
2025-10-02 19:27:16,131 - FastAPIClient - INFO -  Conectado al backend FastAPI
2025-10-02 19:27:18,243 - FastAPIClient - INFO -  Conectado al backend FastAPI
2025-10-02 19:27:20,352 - FastAPIClient - INFO -  Conectado al backend FastAPI
2025-10-02 19:27:22,488 - FastAPIClient - INFO -  Conectado al backend FastAPI
2025-10-02 19:27:24,628 - FastAPIClient - INFO -  Conectado al backend FastAPI
2025-10-02 19:27:26,754 - FastAPIClient - INFO -  Conectado al backend FastAPI
2025-10-02 19:27:28,861 - FastAPIClient - INFO -  Conectado al backend FastAPI
2025-10-02 19:27:30,974 - FastAPIClient - INFO -  Conectado al backend FastAPI
2025-10-02 19:27:33,093 - FastAPIClient - INFO -  Conectado al backend FastAPI
2025-10-02 19:27:35,214 - FastAPIClient - INFO -  Conectado al backend FastAPI
2025-10-02 19:27:36,893 - FastAPIClient - INFO -  Conectado al backend FastAPI
2025-10-02 19:46:21,391 - FastAPIClient - INFO -  Conectado al backend FastAPI
2025-10-02 19:46:28,421 - FastAPIClient - INFO -  Conectado al backend FastAPI
2025-10-02 19:46:30,509 - FastAPIClient - INFO -  Conectado al backend FastAPI
2025-10-02 19:46:32,710 - FastAPIClient - INFO -  Conectado al backend FastAPI
2025-10-02 19:46:34,777 - FastAPIClient - INFO -  Conectado al backend FastAPI
2025-10-02 19:47:22,975 - FastAPIClient - INFO -  Conectado al backend FastAPI
2025-10-02 19:47:25,117 - FastAPIClient - INFO -  Conectado al backend FastAPI
2025-10-02 19:47:27,178 - FastAPIClient - INFO -  Conectado al backend FastAPI
2025-10-02 19:47:38,007 - FastAPIClient - INFO -  Conectado al backend FastAPI
2025-10-02 19:47:38,221 - FastAPIClient - INFO -  Conectado al backend FastAPI
2025-10-02 19:47:40,305 - FastAPIClient - INFO -  Conectado al backend FastAPI
2025-10-02 19:47:42,344 - FastAPIClient - INFO -  Conectado al backend FastAPI
2025-10-02 19:47:51,716 - FastAPIClient - INFO -  Conectado al backend FastAPI
2025-10-02 19:47:53,821 - FastAPIClient - INFO -  Conectado al backend FastAPI
2025-10-02 19:47:55,865 - FastAPIClient - INFO -  Conectado al backend FastAPI
2025-10-02 19:48:52,571 - FastAPIClient - INFO -  Conectado al backend FastAPI
2025-10-02 19:48:52,805 - FastAPIClient - INFO -  Conectado al backend FastAPI
2025-10-02 19:48:54,898 - FastAPIClient - INFO -  Conectado al backend FastAPI
2025-10-02 19:48:56,970 - FastAPIClient - INFO -  Conectado al backend FastAPI
2025-10-02 19:49:11,418 - FastAPIClient - INFO -  Conectado al backend FastAPI
2025-10-02 19:49:13,506 - FastAPIClient - INFO -  Conectado al backend FastAPI
2025-10-02 19:49:15,556 - FastAPIClient - INFO -  Conectado al backend FastAPI
2025-10-02 19:49:17,589 - FastAPIClient - INFO -  Conectado al backend FastAPI
2025-10-02 19:49:40,620 - FastAPIClient - INFO -  Conectado al backend FastAPI
2025-10-02 19:49:40,885 - FastAPIClient - INFO -  Conectado al backend FastAPI
2025-10-02 19:49:42,955 - FastAPIClient - INFO -  Conectado al backend FastAPI
2025-10-02 19:49:45,024 - FastAPIClient - INFO -  Conectado al backend FastAPI
2025-10-02 19:49:57,721 - FastAPIClient - INFO -  Conectado al backend FastAPI
2025-10-02 19:49:59,805 - FastAPIClient - INFO -  Conectado al backend FastAPI
2025-10-02 19:50:01,855 - FastAPIClient - INFO -  Conectado al backend FastAPI
2025-10-02 19:50:03,897 - FastAPIClient - INFO -  Conectado al backend FastAPI
2025-10-02 19:50:26,957 - FastAPIClient - INFO -  Conectado al backend FastAPI
2025-10-02 19:50:29,068 - FastAPIClient - INFO -  Conectado al backend FastAPI
2025-10-02 19:50:31,116 - FastAPIClient - INFO -  Conectado al backend FastAPI
2025-10-02 19:50:36,220 - FastAPIClient - INFO -  Conectado al backend FastAPI
2025-10-02 19:50:38,321 - FastAPIClient - INFO -  Conectado al backend FastAPI
2025-10-02 19:50:40,384 - FastAPIClient - INFO -  Conectado al backend FastAPI
2025-10-02 19:50:47,400 - FastAPIClient - INFO -  Conectado al backend FastAPI
2025-10-02 19:50:49,491 - FastAPIClient - INFO -  Conectado al backend FastAPI
2025-10-02 19:50:51,537 - FastAPIClient - INFO -  Conectado al backend FastAPI
2025-10-02 19:51:52,794 - FastAPIClient - INFO -  Conectado al backend FastAPI
2025-10-02 19:51:54,871 - FastAPIClient - INFO -  Conectado al backend FastAPI
2025-10-02 19:51:56,936 - FastAPIClient - INFO -  Conectado al backend FastAPI
2025-10-02 19:52:22,007 - FastAPIClient - INFO -  Conectado al backend FastAPI
2025-10-02 19:52:24,087 - FastAPIClient - INFO -  Conectado al backend FastAPI
2025-10-02 19:52:26,142 - FastAPIClient - INFO -  Conectado al backend FastAPI
2025-10-02 19:52:28,343 - FastAPIClient - INFO -  Conectado al backend FastAPI
2025-10-02 19:52:30,474 - FastAPIClient - INFO -  Conectado al backend FastAPI
2025-10-02 19:52:32,555 - FastAPIClient - INFO -  Conectado al backend FastAPI
2025-10-02 19:52:34,805 - FastAPIClient - INFO -  Conectado al backend FastAPI
2025-10-02 19:52:36,904 - FastAPIClient - INFO -  Conectado al backend FastAPI
2025-10-02 19:52:38,956 - FastAPIClient - INFO -  Conectado al backend FastAPI
2025-10-02 19:52:41,222 - FastAPIClient - INFO -  Conectado al backend FastAPI
2025-10-02 19:52:43,306 - FastAPIClient - INFO -  Conectado al backend FastAPI
2025-10-02 19:52:45,370 - FastAPIClient - INFO -  Conectado al backend FastAPI
2025-10-02 19:52:47,620 - FastAPIClient - INFO -  Conectado al backend FastAPI
2025-10-02 19:52:49,720 - FastAPIClient - INFO -  Conectado al backend FastAPI
2025-10-02 19:52:51,771 - FastAPIClient - INFO -  Conectado al backend FastAPI
2025-10-02 19:52:54,013 - FastAPIClient - INFO -  Conectado al backend FastAPI
2025-10-02 19:52:56,089 - FastAPIClient - INFO -  Conectado al backend FastAPI
2025-10-02 19:52:58,131 - FastAPIClient - INFO -  Conectado al backend FastAPI
2025-10-02 19:53:00,371 - FastAPIClient - INFO -  Conectado al backend FastAPI
2025-10-02 19:53:02,454 - FastAPIClient - INFO -  Conectado al backend FastAPI
2025-10-02 19:53:04,506 - FastAPIClient - INFO -  Conectado al backend FastAPI
2025-10-02 19:53:06,709 - FastAPIClient - INFO -  Conectado al backend FastAPI
2025-10-02 19:53:08,772 - FastAPIClient - INFO -  Conectado al backend FastAPI
2025-10-02 19:53:10,834 - FastAPIClient - INFO -  Conectado al backend FastAPI
2025-10-02 19:53:13,053 - FastAPIClient - INFO -  Conectado al backend FastAPI
2025-10-02 19:53:15,122 - FastAPIClient - INFO -  Conectado al backend FastAPI
2025-10-02 19:53:17,171 - FastAPIClient - INFO -  Conectado al backend FastAPI
2025-10-02 19:53:19,393 - FastAPIClient - INFO -  Conectado al backend FastAPI
2025-10-02 19:53:21,484 - FastAPIClient - INFO -  Conectado al backend FastAPI
2025-10-02 19:53:23,554 - FastAPIClient - INFO -  Conectado al backend FastAPI
2025-10-02 19:53:25,718 - FastAPIClient - INFO -  Conectado al backend FastAPI
2025-10-02 19:53:27,803 - FastAPIClient - INFO -  Conectado al backend FastAPI
2025-10-02 19:53:29,855 - FastAPIClient - INFO -  Conectado al backend FastAPI
2025-10-02 19:53:32,053 - FastAPIClient - INFO -  Conectado al backend FastAPI
2025-10-02 19:53:34,121 - FastAPIClient - INFO -  Conectado al backend FastAPI
2025-10-02 19:53:36,171 - FastAPIClient - INFO -  Conectado al backend FastAPI
2025-10-02 19:53:38,406 - FastAPIClient - INFO -  Conectado al backend FastAPI
2025-10-02 19:53:40,508 - FastAPIClient - INFO -  Conectado al backend FastAPI
2025-10-02 19:53:42,570 - FastAPIClient - INFO -  Conectado al backend FastAPI
2025-10-02 19:53:44,785 - FastAPIClient - INFO -  Conectado al backend FastAPI
2025-10-02 19:53:46,881 - FastAPIClient - INFO -  Conectado al backend FastAPI
2025-10-02 19:53:48,927 - FastAPIClient - INFO -  Conectado al backend FastAPI
2025-10-02 19:53:51,149 - FastAPIClient - INFO -  Conectado al backend FastAPI
2025-10-02 19:53:53,221 - FastAPIClient - INFO -  Conectado al backend FastAPI
2025-10-02 19:53:55,271 - FastAPIClient - INFO -  Conectado al backend FastAPI
2025-10-02 19:53:57,470 - FastAPIClient - INFO -  Conectado al backend FastAPI
2025-10-02 19:53:59,558 - FastAPIClient - INFO -  Conectado al backend FastAPI
2025-10-02 19:54:01,492 - FastAPIClient - INFO -  Conectado al backend FastAPI
2025-10-02 19:54:14,824 - FastAPIClient - INFO -  Conectado al backend FastAPI
2025-10-02 19:54:16,907 - FastAPIClient - INFO -  Conectado al backend FastAPI
2025-10-02 19:54:19,014 - FastAPIClient - INFO -  Conectado al backend FastAPI
2025-10-02 19:54:21,069 - FastAPIClient - INFO -  Conectado al backend FastAPI
2025-10-02 19:56:09,128 - FastAPIClient - INFO -  Conectado al backend FastAPI
2025-10-02 19:56:11,212 - FastAPIClient - INFO -  Conectado al backend FastAPI
2025-10-02 19:56:13,287 - FastAPIClient - INFO -  Conectado al backend FastAPI
2025-10-02 20:34:53,424 - FastAPIClient - INFO -  Conectado al backend FastAPI
2025-10-02 20:35:01,970 - FastAPIClient - INFO -  Conectado al backend FastAPI
2025-10-02 20:35:04,039 - FastAPIClient - INFO -  Conectado al backend FastAPI
2025-10-02 20:35:06,225 - FastAPIClient - INFO -  Conectado al backend FastAPI
2025-10-02 20:35:08,288 - FastAPIClient - INFO -  Conectado al backend FastAPI
2025-10-02 20:35:45,776 - FastAPIClient - INFO -  Conectado al backend FastAPI
2025-10-02 20:35:46,024 - FastAPIClient - INFO -  Conectado al backend FastAPI
2025-10-02 20:35:48,117 - FastAPIClient - INFO -  Conectado al backend FastAPI
2025-10-02 20:35:50,179 - FastAPIClient - INFO -  Conectado al backend FastAPI
2025-10-02 20:36:00,458 - FastAPIClient - INFO -  Conectado al backend FastAPI
2025-10-02 20:36:02,539 - FastAPIClient - INFO -  Conectado al backend FastAPI
2025-10-02 20:36:04,615 - FastAPIClient - INFO -  Conectado al backend FastAPI
2025-10-02 20:36:06,650 - FastAPIClient - INFO -  Conectado al backend FastAPI
2025-10-06 17:02:21,019 - FastAPIClient - ERROR -  No se pudo conectar al backend: HTTPConnectionPool(host='localhost', port=8000): Max retries exceeded with url: /health (Caused by NewConnectionError('<urllib3.connection.HTTPConnection object at 0x00000147B1F206D0>: Failed to establish a new connection: [WinError 10061] No se puede establecer una conexión ya que el equipo de destino denegó expresamente dicha conexión'))
2025-10-06 17:02:30,957 - FastAPIClient - ERROR -  No se pudo conectar al backend: HTTPConnectionPool(host='localhost', port=8000): Max retries exceeded with url: /health (Caused by NewConnectionError('<urllib3.connection.HTTPConnection object at 0x00000147AF8F5490>: Failed to establish a new connection: [WinError 10061] No se puede establecer una conexión ya que el equipo de destino denegó expresamente dicha conexión'))
2025-10-06 17:02:35,091 - FastAPIClient - ERROR -  No se pudo conectar al backend: HTTPConnectionPool(host='localhost', port=8000): Max retries exceeded with url: /health (Caused by NewConnectionError('<urllib3.connection.HTTPConnection object at 0x00000147AF8F5490>: Failed to establish a new connection: [WinError 10061] No se puede establecer una conexión ya que el equipo de destino denegó expresamente dicha conexión'))
2025-10-06 17:02:39,614 - FastAPIClient - ERROR -  No se pudo conectar al backend: HTTPConnectionPool(host='localhost', port=8000): Max retries exceeded with url: /health (Caused by NewConnectionError('<urllib3.connection.HTTPConnection object at 0x00000147B2143790>: Failed to establish a new connection: [WinError 10061] No se puede establecer una conexión ya que el equipo de destino denegó expresamente dicha conexión'))
2025-10-06 17:02:43,658 - FastAPIClient - ERROR -  No se pudo conectar al backend: HTTPConnectionPool(host='localhost', port=8000): Max retries exceeded with url: /health (Caused by NewConnectionError('<urllib3.connection.HTTPConnection object at 0x00000147B2153790>: Failed to establish a new connection: [WinError 10061] No se puede establecer una conexión ya que el equipo de destino denegó expresamente dicha conexión'))
2025-10-06 17:02:47,740 - FastAPIClient - ERROR -  No se pudo conectar al backend: HTTPConnectionPool(host='localhost', port=8000): Max retries exceeded with url: /health (Caused by NewConnectionError('<urllib3.connection.HTTPConnection object at 0x00000147B2143790>: Failed to establish a new connection: [WinError 10061] No se puede establecer una conexión ya que el equipo de destino denegó expresamente dicha conexión'))
2025-10-06 17:02:51,806 - FastAPIClient - ERROR -  No se pudo conectar al backend: HTTPConnectionPool(host='localhost', port=8000): Max retries exceeded with url: /health (Caused by NewConnectionError('<urllib3.connection.HTTPConnection object at 0x00000147B23A23D0>: Failed to establish a new connection: [WinError 10061] No se puede establecer una conexión ya que el equipo de destino denegó expresamente dicha conexión'))
2025-10-06 17:04:53,805 - FastAPIClient - ERROR -  No se pudo conectar al backend: HTTPConnectionPool(host='localhost', port=8000): Max retries exceeded with url: /health (Caused by NewConnectionError('<urllib3.connection.HTTPConnection object at 0x00000147B2578250>: Failed to establish a new connection: [WinError 10061] No se puede establecer una conexión ya que el equipo de destino denegó expresamente dicha conexión'))
2025-10-06 17:04:57,907 - FastAPIClient - ERROR -  No se pudo conectar al backend: HTTPConnectionPool(host='localhost', port=8000): Max retries exceeded with url: /health (Caused by NewConnectionError('<urllib3.connection.HTTPConnection object at 0x00000147B06A6150>: Failed to establish a new connection: [WinError 10061] No se puede establecer una conexión ya que el equipo de destino denegó expresamente dicha conexión'))
2025-10-06 17:05:01,953 - FastAPIClient - ERROR -  No se pudo conectar al backend: HTTPConnectionPool(host='localhost', port=8000): Max retries exceeded with url: /health (Caused by NewConnectionError('<urllib3.connection.HTTPConnection object at 0x00000147B21513D0>: Failed to establish a new connection: [WinError 10061] No se puede establecer una conexión ya que el equipo de destino denegó expresamente dicha conexión'))
2025-10-06 17:05:06,039 - FastAPIClient - ERROR -  No se pudo conectar al backend: HTTPConnectionPool(host='localhost', port=8000): Max retries exceeded with url: /health (Caused by NewConnectionError('<urllib3.connection.HTTPConnection object at 0x00000147B2390610>: Failed to establish a new connection: [WinError 10061] No se puede establecer una conexión ya que el equipo de destino denegó expresamente dicha conexión'))
2025-10-06 17:05:10,108 - FastAPIClient - ERROR -  No se pudo conectar al backend: HTTPConnectionPool(host='localhost', port=8000): Max retries exceeded with url: /health (Caused by NewConnectionError('<urllib3.connection.HTTPConnection object at 0x00000147B06B84D0>: Failed to establish a new connection: [WinError 10061] No se puede establecer una conexión ya que el equipo de destino denegó expresamente dicha conexión'))
2025-10-06 17:05:24,773 - FastAPIClient - ERROR -  No se pudo conectar al backend: HTTPConnectionPool(host='localhost', port=8000): Max retries exceeded with url: /health (Caused by NewConnectionError('<urllib3.connection.HTTPConnection object at 0x00000147B0B084D0>: Failed to establish a new connection: [WinError 10061] No se puede establecer una conexión ya que el equipo de destino denegó expresamente dicha conexión'))
2025-10-06 17:05:28,884 - FastAPIClient - ERROR -  No se pudo conectar al backend: HTTPConnectionPool(host='localhost', port=8000): Max retries exceeded with url: /health (Caused by NewConnectionError('<urllib3.connection.HTTPConnection object at 0x00000147B06B84D0>: Failed to establish a new connection: [WinError 10061] No se puede establecer una conexión ya que el equipo de destino denegó expresamente dicha conexión'))
2025-10-06 17:05:32,939 - FastAPIClient - ERROR -  No se pudo conectar al backend: HTTPConnectionPool(host='localhost', port=8000): Max retries exceeded with url: /health (Caused by NewConnectionError('<urllib3.connection.HTTPConnection object at 0x00000147B25D5A50>: Failed to establish a new connection: [WinError 10061] No se puede establecer una conexión ya que el equipo de destino denegó expresamente dicha conexión'))
2025-10-06 17:05:36,994 - FastAPIClient - ERROR -  No se pudo conectar al backend: HTTPConnectionPool(host='localhost', port=8000): Max retries exceeded with url: /health (Caused by NewConnectionError('<urllib3.connection.HTTPConnection object at 0x00000147B25E8610>: Failed to establish a new connection: [WinError 10061] No se puede establecer una conexión ya que el equipo de destino denegó expresamente dicha conexión'))
2025-10-06 17:05:41,054 - FastAPIClient - ERROR -  No se pudo conectar al backend: HTTPConnectionPool(host='localhost', port=8000): Max retries exceeded with url: /health (Caused by NewConnectionError('<urllib3.connection.HTTPConnection object at 0x00000147B25EA510>: Failed to establish a new connection: [WinError 10061] No se puede establecer una conexión ya que el equipo de destino denegó expresamente dicha conexión'))
2025-10-06 17:14:39,061 - FastAPIClient - ERROR -  No se pudo conectar al backend: HTTPConnectionPool(host='localhost', port=8000): Max retries exceeded with url: /health (Caused by NewConnectionError('<urllib3.connection.HTTPConnection object at 0x000002184DB303D0>: Failed to establish a new connection: [WinError 10061] No se puede establecer una conexión ya que el equipo de destino denegó expresamente dicha conexión'))
2025-10-06 17:14:49,098 - FastAPIClient - ERROR -  No se pudo conectar al backend: HTTPConnectionPool(host='localhost', port=8000): Max retries exceeded with url: /health (Caused by NewConnectionError('<urllib3.connection.HTTPConnection object at 0x000002184B31B050>: Failed to establish a new connection: [WinError 10061] No se puede establecer una conexión ya que el equipo de destino denegó expresamente dicha conexión'))
2025-10-06 17:14:53,199 - FastAPIClient - ERROR -  No se pudo conectar al backend: HTTPConnectionPool(host='localhost', port=8000): Max retries exceeded with url: /health (Caused by NewConnectionError('<urllib3.connection.HTTPConnection object at 0x000002184B3188D0>: Failed to establish a new connection: [WinError 10061] No se puede establecer una conexión ya que el equipo de destino denegó expresamente dicha conexión'))
2025-10-06 17:14:57,394 - FastAPIClient - ERROR -  No se pudo conectar al backend: HTTPConnectionPool(host='localhost', port=8000): Max retries exceeded with url: /health (Caused by NewConnectionError('<urllib3.connection.HTTPConnection object at 0x000002184DC58850>: Failed to establish a new connection: [WinError 10061] No se puede establecer una conexión ya que el equipo de destino denegó expresamente dicha conexión'))
2025-10-06 17:15:01,468 - FastAPIClient - ERROR -  No se pudo conectar al backend: HTTPConnectionPool(host='localhost', port=8000): Max retries exceeded with url: /health (Caused by NewConnectionError('<urllib3.connection.HTTPConnection object at 0x000002184DC58D10>: Failed to establish a new connection: [WinError 10061] No se puede establecer una conexión ya que el equipo de destino denegó expresamente dicha conexión'))
2025-10-06 17:15:05,533 - FastAPIClient - ERROR -  No se pudo conectar al backend: HTTPConnectionPool(host='localhost', port=8000): Max retries exceeded with url: /health (Caused by NewConnectionError('<urllib3.connection.HTTPConnection object at 0x000002184DC42490>: Failed to establish a new connection: [WinError 10061] No se puede establecer una conexión ya que el equipo de destino denegó expresamente dicha conexión'))
2025-10-06 17:15:09,588 - FastAPIClient - ERROR -  No se pudo conectar al backend: HTTPConnectionPool(host='localhost', port=8000): Max retries exceeded with url: /health (Caused by NewConnectionError('<urllib3.connection.HTTPConnection object at 0x000002184DC71810>: Failed to establish a new connection: [WinError 10061] No se puede establecer una conexión ya que el equipo de destino denegó expresamente dicha conexión'))
2025-10-06 17:16:31,981 - FastAPIClient - ERROR -  No se pudo conectar al backend: HTTPConnectionPool(host='localhost', port=8000): Max retries exceeded with url: /health (Caused by NewConnectionError('<urllib3.connection.HTTPConnection object at 0x000002184DCEF610>: Failed to establish a new connection: [WinError 10061] No se puede establecer una conexión ya que el equipo de destino denegó expresamente dicha conexión'))
2025-10-06 17:16:32,188 - FastAPIClient - ERROR -  No se pudo conectar al backend: HTTPConnectionPool(host='localhost', port=8000): Max retries exceeded with url: /health (Caused by NewConnectionError('<urllib3.connection.HTTPConnection object at 0x000002184DC37310>: Failed to establish a new connection: [WinError 10061] No se puede establecer una conexión ya que el equipo de destino denegó expresamente dicha conexión'))
2025-10-06 17:16:36,305 - FastAPIClient - ERROR -  No se pudo conectar al backend: HTTPConnectionPool(host='localhost', port=8000): Max retries exceeded with url: /health (Caused by NewConnectionError('<urllib3.connection.HTTPConnection object at 0x000002184DC414D0>: Failed to establish a new connection: [WinError 10061] No se puede establecer una conexión ya que el equipo de destino denegó expresamente dicha conexión'))
2025-10-06 17:16:39,337 - FastAPIClient - ERROR -  No se pudo conectar al backend: HTTPConnectionPool(host='localhost', port=8000): Max retries exceeded with url: /health (Caused by NewConnectionError('<urllib3.connection.HTTPConnection object at 0x000002184DC36F50>: Failed to establish a new connection: [WinError 10061] No se puede establecer una conexión ya que el equipo de destino denegó expresamente dicha conexión'))
2025-10-06 17:16:43,466 - FastAPIClient - ERROR -  No se pudo conectar al backend: HTTPConnectionPool(host='localhost', port=8000): Max retries exceeded with url: /health (Caused by NewConnectionError('<urllib3.connection.HTTPConnection object at 0x000002184DC43150>: Failed to establish a new connection: [WinError 10061] No se puede establecer una conexión ya que el equipo de destino denegó expresamente dicha conexión'))
2025-10-06 17:16:47,533 - FastAPIClient - ERROR -  No se pudo conectar al backend: HTTPConnectionPool(host='localhost', port=8000): Max retries exceeded with url: /health (Caused by NewConnectionError('<urllib3.connection.HTTPConnection object at 0x000002184DC41490>: Failed to establish a new connection: [WinError 10061] No se puede establecer una conexión ya que el equipo de destino denegó expresamente dicha conexión'))
2025-10-06 17:16:51,602 - FastAPIClient - ERROR -  No se pudo conectar al backend: HTTPConnectionPool(host='localhost', port=8000): Max retries exceeded with url: /health (Caused by NewConnectionError('<urllib3.connection.HTTPConnection object at 0x000002184DB1F250>: Failed to establish a new connection: [WinError 10061] No se puede establecer una conexión ya que el equipo de destino denegó expresamente dicha conexión'))
2025-10-06 17:16:55,669 - FastAPIClient - ERROR -  No se pudo conectar al backend: HTTPConnectionPool(host='localhost', port=8000): Max retries exceeded with url: /health (Caused by NewConnectionError('<urllib3.connection.HTTPConnection object at 0x000002184DCEE610>: Failed to establish a new connection: [WinError 10061] No se puede establecer una conexión ya que el equipo de destino denegó expresamente dicha conexión'))
2025-10-06 17:16:59,511 - FastAPIClient - ERROR -  No se pudo conectar al backend: HTTPConnectionPool(host='localhost', port=8000): Max retries exceeded with url: /health (Caused by NewConnectionError('<urllib3.connection.HTTPConnection object at 0x000002184DFE4390>: Failed to establish a new connection: [WinError 10061] No se puede establecer una conexión ya que el equipo de destino denegó expresamente dicha conexión'))
2025-10-06 17:17:03,594 - FastAPIClient - ERROR -  No se pudo conectar al backend: HTTPConnectionPool(host='localhost', port=8000): Max retries exceeded with url: /health (Caused by NewConnectionError('<urllib3.connection.HTTPConnection object at 0x000002184E00BAD0>: Failed to establish a new connection: [WinError 10061] No se puede establecer una conexión ya que el equipo de destino denegó expresamente dicha conexión'))
2025-10-06 17:17:07,667 - FastAPIClient - ERROR -  No se pudo conectar al backend: HTTPConnectionPool(host='localhost', port=8000): Max retries exceeded with url: /health (Caused by NewConnectionError('<urllib3.connection.HTTPConnection object at 0x000002184E00B110>: Failed to establish a new connection: [WinError 10061] No se puede establecer una conexión ya que el equipo de destino denegó expresamente dicha conexión'))
2025-10-06 17:17:11,735 - FastAPIClient - ERROR -  No se pudo conectar al backend: HTTPConnectionPool(host='localhost', port=8000): Max retries exceeded with url: /health (Caused by NewConnectionError('<urllib3.connection.HTTPConnection object at 0x000002184DFD1710>: Failed to establish a new connection: [WinError 10061] No se puede establecer una conexión ya que el equipo de destino denegó expresamente dicha conexión'))
2025-10-06 17:17:15,802 - FastAPIClient - ERROR -  No se pudo conectar al backend: HTTPConnectionPool(host='localhost', port=8000): Max retries exceeded with url: /health (Caused by NewConnectionError('<urllib3.connection.HTTPConnection object at 0x000002184E028410>: Failed to establish a new connection: [WinError 10061] No se puede establecer una conexión ya que el equipo de destino denegó expresamente dicha conexión'))
2025-10-06 17:35:40,899 - FastAPIClient - ERROR -  No se pudo conectar al backend: HTTPConnectionPool(host='localhost', port=8000): Max retries exceeded with url: /health (Caused by NewConnectionError('<urllib3.connection.HTTPConnection object at 0x000002184E015850>: Failed to establish a new connection: [WinError 10061] No se puede establecer una conexión ya que el equipo de destino denegó expresamente dicha conexión'))
2025-10-06 17:35:45,003 - FastAPIClient - ERROR -  No se pudo conectar al backend: HTTPConnectionPool(host='localhost', port=8000): Max retries exceeded with url: /health (Caused by NewConnectionError('<urllib3.connection.HTTPConnection object at 0x000002184E02BDD0>: Failed to establish a new connection: [WinError 10061] No se puede establecer una conexión ya que el equipo de destino denegó expresamente dicha conexión'))
2025-10-06 17:35:49,065 - FastAPIClient - ERROR -  No se pudo conectar al backend: HTTPConnectionPool(host='localhost', port=8000): Max retries exceeded with url: /health (Caused by NewConnectionError('<urllib3.connection.HTTPConnection object at 0x000002184E029BD0>: Failed to establish a new connection: [WinError 10061] No se puede establecer una conexión ya que el equipo de destino denegó expresamente dicha conexión'))
2025-10-06 17:35:53,133 - FastAPIClient - ERROR -  No se pudo conectar al backend: HTTPConnectionPool(host='localhost', port=8000): Max retries exceeded with url: /health (Caused by NewConnectionError('<urllib3.connection.HTTPConnection object at 0x000002184DC43150>: Failed to establish a new connection: [WinError 10061] No se puede establecer una conexión ya que el equipo de destino denegó expresamente dicha conexión'))
2025-10-06 17:35:57,174 - FastAPIClient - ERROR -  No se pudo conectar al backend: HTTPConnectionPool(host='localhost', port=8000): Max retries exceeded with url: /health (Caused by NewConnectionError('<urllib3.connection.HTTPConnection object at 0x000002184B328D90>: Failed to establish a new connection: [WinError 10061] No se puede establecer una conexión ya que el equipo de destino denegó expresamente dicha conexión'))
2025-10-06 17:36:01,236 - FastAPIClient - ERROR -  No se pudo conectar al backend: HTTPConnectionPool(host='localhost', port=8000): Max retries exceeded with url: /health (Caused by NewConnectionError('<urllib3.connection.HTTPConnection object at 0x000002184DC43E90>: Failed to establish a new connection: [WinError 10061] No se puede establecer una conexión ya que el equipo de destino denegó expresamente dicha conexión'))
2025-10-06 17:36:05,286 - FastAPIClient - ERROR -  No se pudo conectar al backend: HTTPConnectionPool(host='localhost', port=8000): Max retries exceeded with url: /health (Caused by NewConnectionError('<urllib3.connection.HTTPConnection object at 0x000002184DB27010>: Failed to establish a new connection: [WinError 10061] No se puede establecer una conexión ya que el equipo de destino denegó expresamente dicha conexión'))
2025-10-06 17:37:04,289 - FastAPIClient - ERROR -  No se pudo conectar al backend: HTTPConnectionPool(host='localhost', port=8000): Max retries exceeded with url: /health (Caused by NewConnectionError('<urllib3.connection.HTTPConnection object at 0x000002184BEDBC50>: Failed to establish a new connection: [WinError 10061] No se puede establecer una conexión ya que el equipo de destino denegó expresamente dicha conexión'))
2025-10-06 17:37:08,382 - FastAPIClient - ERROR -  No se pudo conectar al backend: HTTPConnectionPool(host='localhost', port=8000): Max retries exceeded with url: /health (Caused by NewConnectionError('<urllib3.connection.HTTPConnection object at 0x000002184DC417D0>: Failed to establish a new connection: [WinError 10061] No se puede establecer una conexión ya que el equipo de destino denegó expresamente dicha conexión'))
2025-10-06 17:37:12,432 - FastAPIClient - ERROR -  No se pudo conectar al backend: HTTPConnectionPool(host='localhost', port=8000): Max retries exceeded with url: /health (Caused by NewConnectionError('<urllib3.connection.HTTPConnection object at 0x000002184DC42550>: Failed to establish a new connection: [WinError 10061] No se puede establecer una conexión ya que el equipo de destino denegó expresamente dicha conexión'))
2025-10-06 17:37:16,483 - FastAPIClient - ERROR -  No se pudo conectar al backend: HTTPConnectionPool(host='localhost', port=8000): Max retries exceeded with url: /health (Caused by NewConnectionError('<urllib3.connection.HTTPConnection object at 0x000002184DC59610>: Failed to establish a new connection: [WinError 10061] No se puede establecer una conexión ya que el equipo de destino denegó expresamente dicha conexión'))
2025-10-06 17:37:20,534 - FastAPIClient - ERROR -  No se pudo conectar al backend: HTTPConnectionPool(host='localhost', port=8000): Max retries exceeded with url: /health (Caused by NewConnectionError('<urllib3.connection.HTTPConnection object at 0x000002184B35CE90>: Failed to establish a new connection: [WinError 10061] No se puede establecer una conexión ya que el equipo de destino denegó expresamente dicha conexión'))
2025-10-06 17:39:09,705 - FastAPIClient - ERROR -  No se pudo conectar al backend: HTTPConnectionPool(host='localhost', port=8000): Max retries exceeded with url: /health (Caused by NewConnectionError('<urllib3.connection.HTTPConnection object at 0x0000020D7B7C8CD0>: Failed to establish a new connection: [WinError 10061] No se puede establecer una conexión ya que el equipo de destino denegó expresamente dicha conexión'))
2025-10-06 17:39:36,350 - FastAPIClient - INFO -  Conectado al backend FastAPI
2025-10-06 17:39:38,438 - FastAPIClient - INFO -  Conectado al backend FastAPI
2025-10-06 17:39:40,653 - FastAPIClient - INFO -  Conectado al backend FastAPI
2025-10-06 17:39:42,703 - FastAPIClient - INFO -  Conectado al backend FastAPI
2025-10-06 17:40:04,183 - FastAPIClient - INFO -  Conectado al backend FastAPI
2025-10-06 17:40:06,254 - FastAPIClient - INFO -  Conectado al backend FastAPI
2025-10-06 17:40:08,317 - FastAPIClient - INFO -  Conectado al backend FastAPI
2025-10-06 17:40:10,736 - FastAPIClient - INFO -  Conectado al backend FastAPI
2025-10-06 17:40:12,804 - FastAPIClient - INFO -  Conectado al backend FastAPI
2025-10-06 17:40:14,877 - FastAPIClient - INFO -  Conectado al backend FastAPI
2025-10-06 17:40:22,101 - FastAPIClient - INFO -  Conectado al backend FastAPI
2025-10-06 17:40:24,190 - FastAPIClient - INFO -  Conectado al backend FastAPI
2025-10-06 17:40:26,236 - FastAPIClient - INFO -  Conectado al backend FastAPI
2025-10-06 17:40:28,286 - FastAPIClient - INFO -  Conectado al backend FastAPI
2025-10-06 17:48:41,417 - FastAPIClient - ERROR -  No se pudo conectar al backend: HTTPConnectionPool(host='localhost', port=8000): Max retries exceeded with url: /health (Caused by NewConnectionError('<urllib3.connection.HTTPConnection object at 0x00000255D56E2210>: Failed to establish a new connection: [WinError 10061] No se puede establecer una conexión ya que el equipo de destino denegó expresamente dicha conexión'))
