2025-10-06 15:44:50,004 - FastAPIClient - ERROR -  No se pudo conectar al backend: HTTPConnectionPool(host='localhost', port=8000): Max retries exceeded with url: /health (Caused by NewConnectionError('<urllib3.connection.HTTPConnection object at 0x000001BC38DC8050>: Failed to establish a new connection: [WinError 10061] No se puede establecer una conexión ya que el equipo de destino denegó expresamente dicha conexión'))
2025-10-06 15:49:26,923 - FastAPIClient - ERROR -  No se pudo conectar al backend: HTTPConnectionPool(host='localhost', port=8000): Max retries exceeded with url: /health (Caused by NewConnectionError('<urllib3.connection.HTTPConnection object at 0x000001A80D62D0D0>: Failed to establish a new connection: [WinError 10061] No se puede establecer una conexión ya que el equipo de destino denegó expresamente dicha conexión'))
2025-10-06 15:54:46,653 - FastAPIClient - ERROR -  No se pudo conectar al backend: HTTPConnectionPool(host='localhost', port=8000): Max retries exceeded with url: /health (Caused by NewConnectionError('<urllib3.connection.HTTPConnection object at 0x0000018AAB303D90>: Failed to establish a new connection: [WinError 10061] No se puede establecer una conexión ya que el equipo de destino denegó expresamente dicha conexión'))
2025-10-06 15:54:52,422 - FastAPIClient - INFO -  Conectado al backend FastAPI
2025-10-06 15:55:03,527 - FastAPIClient - INFO -  Conectado al backend FastAPI
2025-10-06 15:55:14,654 - FastAPIClient - INFO -  Conectado al backend FastAPI
2025-10-06 15:55:25,772 - FastAPIClient - INFO -  Conectado al backend FastAPI
2025-10-06 15:55:36,887 - FastAPIClient - INFO -  Conectado al backend FastAPI
2025-10-06 15:55:48,005 - FastAPIClient - INFO -  Conectado al backend FastAPI
2025-10-06 15:55:59,119 - FastAPIClient - INFO -  Conectado al backend FastAPI
2025-10-06 15:56:10,235 - FastAPIClient - INFO -  Conectado al backend FastAPI
2025-10-06 15:56:21,353 - FastAPIClient - INFO -  Conectado al backend FastAPI
2025-10-06 15:56:32,487 - FastAPIClient - INFO -  Conectado al backend FastAPI
2025-10-06 15:58:38,592 - FastAPIClient - INFO -  Conectado al backend FastAPI
2025-10-06 15:58:43,656 - FastAPIClient - INFO -  Conectado al backend FastAPI
2025-10-06 16:06:10,584 - FastAPIClient - ERROR -  No se pudo conectar al backend: HTTPConnectionPool(host='localhost', port=8000): Max retries exceeded with url: /health (Caused by NewConnectionError('<urllib3.connection.HTTPConnection object at 0x0000017163DF69D0>: Failed to establish a new connection: [WinError 10061] No se puede establecer una conexión ya que el equipo de destino denegó expresamente dicha conexión'))
2025-10-06 16:06:39,001 - FastAPIClient - ERROR -  No se pudo conectar al backend: HTTPConnectionPool(host='localhost', port=8000): Max retries exceeded with url: /health (Caused by NewConnectionError('<urllib3.connection.HTTPConnection object at 0x00000171627BCA50>: Failed to establish a new connection: [WinError 10061] No se puede establecer una conexión ya que el equipo de destino denegó expresamente dicha conexión'))
2025-10-06 16:06:41,933 - FastAPIClient - ERROR -  No se pudo conectar al backend: HTTPConnectionPool(host='localhost', port=8000): Max retries exceeded with url: /health (Caused by NewConnectionError('<urllib3.connection.HTTPConnection object at 0x0000017163DF5A10>: Failed to establish a new connection: [WinError 10061] No se puede establecer una conexión ya que el equipo de destino denegó expresamente dicha conexión'))
2025-10-06 16:06:51,118 - FastAPIClient - INFO -  Conectado al backend FastAPI
2025-10-06 16:12:55,552 - FastAPIClient - INFO -  Conectado al backend FastAPI
2025-10-06 16:14:52,466 - FastAPIClient - ERROR -  No se pudo conectar al backend: HTTPConnectionPool(host='localhost', port=8000): Max retries exceeded with url: /health (Caused by NewConnectionError('<urllib3.connection.HTTPConnection object at 0x000002DB453FD590>: Failed to establish a new connection: [WinError 10061] No se puede establecer una conexión ya que el equipo de destino denegó expresamente dicha conexión'))
2025-10-06 16:15:14,285 - FastAPIClient - ERROR -  No se pudo conectar al backend: HTTPConnectionPool(host='localhost', port=8000): Max retries exceeded with url: /health (Caused by NewConnectionError('<urllib3.connection.HTTPConnection object at 0x000002DB4653D350>: Failed to establish a new connection: [WinError 10061] No se puede establecer una conexión ya que el equipo de destino denegó expresamente dicha conexión'))
2025-10-06 16:18:17,865 - FastAPIClient - ERROR -  No se pudo conectar al backend: HTTPConnectionPool(host='localhost', port=8000): Max retries exceeded with url: /health (Caused by NewConnectionError('<urllib3.connection.HTTPConnection object at 0x000002DB43EA9250>: Failed to establish a new connection: [WinError 10061] No se puede establecer una conexión ya que el equipo de destino denegó expresamente dicha conexión'))
2025-10-06 16:18:35,865 - FastAPIClient - ERROR -  No se pudo conectar al backend: HTTPConnectionPool(host='localhost', port=8000): Max retries exceeded with url: /health (Caused by NewConnectionError('<urllib3.connection.HTTPConnection object at 0x000002DB43E22850>: Failed to establish a new connection: [WinError 10061] No se puede establecer una conexión ya que el equipo de destino denegó expresamente dicha conexión'))
2025-10-06 16:19:14,782 - FastAPIClient - ERROR -  No se pudo conectar al backend: HTTPConnectionPool(host='localhost', port=8000): Max retries exceeded with url: /health (Caused by NewConnectionError('<urllib3.connection.HTTPConnection object at 0x000002DB46A87E90>: Failed to establish a new connection: [WinError 10061] No se puede establecer una conexión ya que el equipo de destino denegó expresamente dicha conexión'))
2025-10-06 16:22:03,227 - FastAPIClient - ERROR -  No se pudo conectar al backend: HTTPConnectionPool(host='localhost', port=8000): Max retries exceeded with url: /health (Caused by NewConnectionError('<urllib3.connection.HTTPConnection object at 0x000002DB46B11F10>: Failed to establish a new connection: [WinError 10061] No se puede establecer una conexión ya que el equipo de destino denegó expresamente dicha conexión'))
2025-10-06 16:22:33,979 - FastAPIClient - ERROR -  No se pudo conectar al backend: HTTPConnectionPool(host='localhost', port=8000): Max retries exceeded with url: /health (Caused by NewConnectionError('<urllib3.connection.HTTPConnection object at 0x000001CA24536390>: Failed to establish a new connection: [WinError 10061] No se puede establecer una conexión ya que el equipo de destino denegó expresamente dicha conexión'))
2025-10-06 16:22:34,627 - FastAPIClient - ERROR -  No se pudo conectar al backend: HTTPConnectionPool(host='localhost', port=8000): Max retries exceeded with url: /health (Caused by NewConnectionError('<urllib3.connection.HTTPConnection object at 0x000001CA25B992D0>: Failed to establish a new connection: [WinError 10061] No se puede establecer una conexión ya que el equipo de destino denegó expresamente dicha conexión'))
2025-10-06 16:23:31,681 - FastAPIClient - ERROR -  No se pudo conectar al backend: HTTPConnectionPool(host='localhost', port=8000): Max retries exceeded with url: /health (Caused by NewConnectionError('<urllib3.connection.HTTPConnection object at 0x000001F8A493DD90>: Failed to establish a new connection: [WinError 10061] No se puede establecer una conexión ya que el equipo de destino denegó expresamente dicha conexión'))
2025-10-06 16:23:32,347 - FastAPIClient - ERROR -  No se pudo conectar al backend: HTTPConnectionPool(host='localhost', port=8000): Max retries exceeded with url: /health (Caused by NewConnectionError('<urllib3.connection.HTTPConnection object at 0x000001F8A6295590>: Failed to establish a new connection: [WinError 10061] No se puede establecer una conexión ya que el equipo de destino denegó expresamente dicha conexión'))
2025-10-06 16:23:54,580 - FastAPIClient - ERROR -  No se pudo conectar al backend: HTTPConnectionPool(host='localhost', port=8000): Max retries exceeded with url: /health (Caused by NewConnectionError('<urllib3.connection.HTTPConnection object at 0x000001F8A3C4C890>: Failed to establish a new connection: [WinError 10061] No se puede establecer una conexión ya que el equipo de destino denegó expresamente dicha conexión'))
2025-10-06 16:24:05,129 - FastAPIClient - ERROR -  No se pudo conectar al backend: HTTPConnectionPool(host='localhost', port=8000): Max retries exceeded with url: /health (Caused by NewConnectionError('<urllib3.connection.HTTPConnection object at 0x000001F8A67C5810>: Failed to establish a new connection: [WinError 10061] No se puede establecer una conexión ya que el equipo de destino denegó expresamente dicha conexión'))
2025-10-06 16:36:27,962 - FastAPIClient - ERROR -  No se pudo conectar al backend: HTTPConnectionPool(host='localhost', port=8000): Max retries exceeded with url: /health (Caused by NewConnectionError('<urllib3.connection.HTTPConnection object at 0x0000016A2DCDD490>: Failed to establish a new connection: [WinError 10061] No se puede establecer una conexión ya que el equipo de destino denegó expresamente dicha conexión'))
